# JRE version: OpenJDK Runtime Environment Temurin-17.0.19+10 (17.0.19+10) (build 17.0.19+10)
# Java VM: OpenJDK 64-Bit Server VM Temurin-17.0.19+10 (17.0.19+10, mixed mode, sharing, tiered, compressed oops, compressed class ptrs, g1 gc, windows-amd64)
GC Precious Log:
 CPUs: 16 total, 16 available
 Memory: 16008M
 Large Page Support: Disabled
 NUMA Support: Disabled
 Compressed Oops: Enabled (Zero based)
 Heap Region Size: 4M
 Heap Min Capacity: 8M
 Heap Initial Capacity: 252M
 Heap Max Capacity: 8G
 Pre-touch: Disabled
 Parallel Workers: 13
 Concurrent Workers: 3
 Concurrent Refinement Workers: 13
 Periodic GC: Disabled
Heap:
 garbage-first heap   total 204800K, used 163762K [0x0000000600000000, 0x0000000800000000)
  region size 4096K, 15 young (61440K), 1 survivors (4096K)
 Metaspace       used 105029K, committed 106112K, reserved 1179648K
  class space    used 14649K, committed 15168K, reserved 1048576K
GC Heap History (20 events):
Event: 36.785 GC heap before
{Heap before GC invocations=23 (full 0):
 garbage-first heap   total 204800K, used 158295K [0x0000000600000000, 0x0000000800000000)
  region size 4096K, 26 young (106496K), 2 survivors (8192K)
 Metaspace       used 78192K, committed 79104K, reserved 1179648K
  class space    used 10962K, committed 11392K, reserved 1048576K
}
Event: 36.794 GC heap after
{Heap after GC invocations=24 (full 0):
 garbage-first heap   total 204800K, used 73195K [0x0000000600000000, 0x0000000800000000)
  region size 4096K, 4 young (16384K), 4 survivors (16384K)
 Metaspace       used 78192K, committed 79104K, reserved 1179648K
  class space    used 10962K, committed 11392K, reserved 1048576K
}
Event: 37.090 GC heap before
{Heap before GC invocations=24 (full 0):
 garbage-first heap   total 204800K, used 155115K [0x0000000600000000, 0x0000000800000000)
  region size 4096K, 25 young (102400K), 4 survivors (16384K)
 Metaspace       used 78291K, committed 79168K, reserved 1179648K
  class space    used 10967K, committed 11392K, reserved 1048576K
}
Event: 37.101 GC heap after
{Heap after GC invocations=25 (full 0):
 garbage-first heap   total 204800K, used 78056K [0x0000000600000000, 0x0000000800000000)
  region size 4096K, 2 young (8192K), 2 survivors (8192K)
 Metaspace       used 78291K, committed 79168K, reserved 1179648K
  class space    used 10967K, committed 11392K, reserved 1048576K
}
Event: 38.039 GC heap before
{Heap before GC invocations=25 (full 0):
 garbage-first heap   total 204800K, used 155880K [0x0000000600000000, 0x0000000800000000)
  region size 4096K, 22 young (90112K), 2 survivors (8192K)
 Metaspace       used 80716K, committed 81664K, reserved 1179648K
  class space    used 11264K, committed 11712K, reserved 1048576K
}
Event: 38.047 GC heap after
{Heap after GC invocations=26 (full 0):
 garbage-first heap   total 204800K, used 94951K [0x0000000600000000, 0x0000000800000000)
  region size 4096K, 3 young (12288K), 3 survivors (12288K)
 Metaspace       used 80716K, committed 81664K, reserved 1179648K
  class space    used 11264K, committed 11712K, reserved 1048576K
}
Event: 38.703 GC heap before
{Heap before GC invocations=26 (full 0):
 garbage-first heap   total 204800K, used 152295K [0x0000000600000000, 0x0000000800000000)
  region size 4096K, 18 young (73728K), 3 survivors (12288K)
 Metaspace       used 84359K, committed 85312K, reserved 1179648K
  class space    used 11702K, committed 12160K, reserved 1048576K
}
Event: 38.710 GC heap after
{Heap after GC invocations=27 (full 0):
 garbage-first heap   total 204800K, used 99810K [0x0000000600000000, 0x0000000800000000)
  region size 4096K, 2 young (8192K), 2 survivors (8192K)
 Metaspace       used 84359K, committed 85312K, reserved 1179648K
  class space    used 11702K, committed 12160K, reserved 1048576K
}
Event: 39.590 GC heap before
{Heap before GC invocations=28 (full 0):
 garbage-first heap   total 204800K, used 157154K [0x0000000600000000, 0x0000000800000000)
  region size 4096K, 16 young (65536K), 2 survivors (8192K)
 Metaspace       used 88394K, committed 89344K, reserved 1179648K
  class space    used 12216K, committed 12672K, reserved 1048576K
}
Event: 39.596 GC heap after
{Heap after GC invocations=29 (full 0):
 garbage-first heap   total 204800K, used 102647K [0x0000000600000000, 0x0000000800000000)
  region size 4096K, 1 young (4096K), 1 survivors (4096K)
 Metaspace       used 88394K, committed 89344K, reserved 1179648K
  class space    used 12216K, committed 12672K, reserved 1048576K
}
Event: 40.268 GC heap before
{Heap before GC invocations=29 (full 0):
 garbage-first heap   total 204800K, used 159991K [0x0000000600000000, 0x0000000800000000)
  region size 4096K, 15 young (61440K), 1 survivors (4096K)
 Metaspace       used 92553K, committed 93504K, reserved 1179648K
  class space    used 12803K, committed 13248K, reserved 1048576K
}
Event: 40.273 GC heap after
{Heap after GC invocations=30 (full 0):
 garbage-first heap   total 204800K, used 104037K [0x0000000600000000, 0x0000000800000000)
  region size 4096K, 2 young (8192K), 2 survivors (8192K)
 Metaspace       used 92553K, committed 93504K, reserved 1179648K
  class space    used 12803K, committed 13248K, reserved 1048576K
}
Event: 41.560 GC heap before
{Heap before GC invocations=31 (full 0):
 garbage-first heap   total 204800K, used 161381K [0x0000000600000000, 0x0000000800000000)
  region size 4096K, 16 young (65536K), 2 survivors (8192K)
 Metaspace       used 94396K, committed 95360K, reserved 1179648K
  class space    used 13032K, committed 13504K, reserved 1048576K
}
Event: 41.568 GC heap after
{Heap after GC invocations=32 (full 0):
 garbage-first heap   total 204800K, used 109108K [0x0000000600000000, 0x0000000800000000)
  region size 4096K, 2 young (8192K), 2 survivors (8192K)
 Metaspace       used 94396K, committed 95360K, reserved 1179648K
  class space    used 13032K, committed 13504K, reserved 1048576K
}
Event: 42.602 GC heap before
{Heap before GC invocations=32 (full 0):
 garbage-first heap   total 204800K, used 166452K [0x0000000600000000, 0x0000000800000000)
  region size 4096K, 16 young (65536K), 2 survivors (8192K)
 Metaspace       used 98363K, committed 99328K, reserved 1179648K
  class space    used 13668K, committed 14080K, reserved 1048576K
}
Event: 42.608 GC heap after
{Heap after GC invocations=33 (full 0):
 garbage-first heap   total 204800K, used 111529K [0x0000000600000000, 0x0000000800000000)
  region size 4096K, 1 young (4096K), 1 survivors (4096K)
 Metaspace       used 98363K, committed 99328K, reserved 1179648K
  class space    used 13668K, committed 14080K, reserved 1048576K
}
Event: 43.466 GC heap before
{Heap before GC invocations=34 (full 0):
 garbage-first heap   total 204800K, used 164777K [0x0000000600000000, 0x0000000800000000)
  region size 4096K, 14 young (57344K), 1 survivors (4096K)
 Metaspace       used 101593K, committed 102592K, reserved 1179648K
  class space    used 14169K, committed 14656K, reserved 1048576K
}
Event: 43.470 GC heap after
{Heap after GC invocations=35 (full 0):
 garbage-first heap   total 204800K, used 112870K [0x0000000600000000, 0x0000000800000000)
  region size 4096K, 1 young (4096K), 1 survivors (4096K)
 Metaspace       used 101593K, committed 102592K, reserved 1179648K
  class space    used 14169K, committed 14656K, reserved 1048576K
}
Event: 43.538 GC heap before
{Heap before GC invocations=35 (full 0):
 garbage-first heap   total 204800K, used 116966K [0x0000000600000000, 0x0000000800000000)
  region size 4096K, 2 young (8192K), 1 survivors (4096K)
 Metaspace       used 101838K, committed 102912K, reserved 1179648K
  class space    used 14204K, committed 14720K, reserved 1048576K
}
Event: 43.543 GC heap after
{Heap after GC invocations=36 (full 0):
 garbage-first heap   total 204800K, used 110514K [0x0000000600000000, 0x0000000800000000)
  region size 4096K, 1 young (4096K), 1 survivors (4096K)
 Metaspace       used 101838K, committed 102912K, reserved 1179648K
  class space    used 14204K, committed 14720K, reserved 1048576K
}

