# JRE version: OpenJDK Runtime Environment Microsoft-10823458 (11.0.26+4) (build 11.0.26+4-LTS)
# Java VM: OpenJDK 64-Bit Server VM Microsoft-10823458 (11.0.26+4-LTS, mixed mode, sharing, tiered, compressed oops, g1 gc, windows-amd64)
Heap:
 garbage-first heap   total 325632K, used 107177K [0x0000000705c00000, 0x0000000800000000)
  region size 1024K, 66 young (67584K), 8 survivors (8192K)
 Metaspace       used 40657K, capacity 42412K, committed 42752K, reserved 1087488K
  class space    used 4839K, capacity 5267K, committed 5376K, reserved 1048576K
GC Heap History (14 events):
Event: 0.408 GC heap before
{Heap before GC invocations=0 (full 0):
 garbage-first heap   total 258048K, used 27648K [0x0000000705c00000, 0x0000000800000000)
  region size 1024K, 24 young (24576K), 0 survivors (0K)
 Metaspace       used 7058K, capacity 10107K, committed 10240K, reserved 1058816K
  class space    used 698K, capacity 1004K, committed 1024K, reserved 1048576K
}
Event: 0.410 GC heap after
{Heap after GC invocations=1 (full 0):
 garbage-first heap   total 258048K, used 6043K [0x0000000705c00000, 0x0000000800000000)
  region size 1024K, 3 young (3072K), 3 survivors (3072K)
 Metaspace       used 7058K, capacity 10107K, committed 10240K, reserved 1058816K
  class space    used 698K, capacity 1004K, committed 1024K, reserved 1048576K
}
Event: 0.987 GC heap before
{Heap before GC invocations=1 (full 0):
 garbage-first heap   total 258048K, used 49051K [0x0000000705c00000, 0x0000000800000000)
  region size 1024K, 46 young (47104K), 3 survivors (3072K)
 Metaspace       used 18877K, capacity 21214K, committed 21248K, reserved 1069056K
  class space    used 2201K, capacity 2541K, committed 2560K, reserved 1048576K
}
Event: 0.992 GC heap after
{Heap after GC invocations=2 (full 0):
 garbage-first heap   total 258048K, used 8320K [0x0000000705c00000, 0x0000000800000000)
  region size 1024K, 6 young (6144K), 6 survivors (6144K)
 Metaspace       used 18877K, capacity 21214K, committed 21248K, reserved 1069056K
  class space    used 2201K, capacity 2541K, committed 2560K, reserved 1048576K
}
Event: 1.463 GC heap before
{Heap before GC invocations=3 (full 0):
 garbage-first heap   total 258048K, used 80000K [0x0000000705c00000, 0x0000000800000000)
  region size 1024K, 64 young (65536K), 6 survivors (6144K)
 Metaspace       used 21213K, capacity 23385K, committed 23552K, reserved 1069056K
  class space    used 2689K, capacity 3025K, committed 3072K, reserved 1048576K
}
Event: 1.488 GC heap after
{Heap after GC invocations=4 (full 0):
 garbage-first heap   total 258048K, used 30673K [0x0000000705c00000, 0x0000000800000000)
  region size 1024K, 8 young (8192K), 8 survivors (8192K)
 Metaspace       used 21213K, capacity 23385K, committed 23552K, reserved 1069056K
  class space    used 2689K, capacity 3025K, committed 3072K, reserved 1048576K
}
Event: 1.585 GC heap before
{Heap before GC invocations=4 (full 0):
 garbage-first heap   total 258048K, used 35793K [0x0000000705c00000, 0x0000000800000000)
  region size 1024K, 13 young (13312K), 8 survivors (8192K)
 Metaspace       used 21487K, capacity 23580K, committed 23808K, reserved 1071104K
  class space    used 2716K, capacity 3026K, committed 3072K, reserved 1048576K
}
Event: 1.593 GC heap after
{Heap after GC invocations=5 (full 0):
 garbage-first heap   total 258048K, used 29303K [0x0000000705c00000, 0x0000000800000000)
  region size 1024K, 2 young (2048K), 2 survivors (2048K)
 Metaspace       used 21487K, capacity 23580K, committed 23808K, reserved 1071104K
  class space    used 2716K, capacity 3026K, committed 3072K, reserved 1048576K
}
Event: 1.802 GC heap before
{Heap before GC invocations=5 (full 0):
 garbage-first heap   total 258048K, used 38519K [0x0000000705c00000, 0x0000000800000000)
  region size 1024K, 12 young (12288K), 2 survivors (2048K)
 Metaspace       used 23496K, capacity 25492K, committed 25728K, reserved 1071104K
  class space    used 3116K, capacity 3429K, committed 3456K, reserved 1048576K
}
Event: 1.804 GC heap after
{Heap after GC invocations=6 (full 0):
 garbage-first heap   total 325632K, used 29847K [0x0000000705c00000, 0x0000000800000000)
  region size 1024K, 1 young (1024K), 1 survivors (1024K)
 Metaspace       used 23496K, capacity 25492K, committed 25728K, reserved 1071104K
  class space    used 3116K, capacity 3429K, committed 3456K, reserved 1048576K
}
Event: 2.554 GC heap before
{Heap before GC invocations=6 (full 0):
 garbage-first heap   total 325632K, used 87191K [0x0000000705c00000, 0x0000000800000000)
  region size 1024K, 46 young (47104K), 1 survivors (1024K)
 Metaspace       used 32205K, capacity 33967K, committed 34048K, reserved 1079296K
  class space    used 3953K, capacity 4271K, committed 4352K, reserved 1048576K
}
Event: 2.558 GC heap after
{Heap after GC invocations=7 (full 0):
 garbage-first heap   total 325632K, used 46851K [0x0000000705c00000, 0x0000000800000000)
  region size 1024K, 6 young (6144K), 6 survivors (6144K)
 Metaspace       used 32205K, capacity 33967K, committed 34048K, reserved 1079296K
  class space    used 3953K, capacity 4271K, committed 4352K, reserved 1048576K
}
Event: 2.693 GC heap before
{Heap before GC invocations=7 (full 0):
 garbage-first heap   total 325632K, used 56067K [0x0000000705c00000, 0x0000000800000000)
  region size 1024K, 16 young (16384K), 6 survivors (6144K)
 Metaspace       used 33989K, capacity 35809K, committed 35840K, reserved 1081344K
  class space    used 4133K, capacity 4480K, committed 4480K, reserved 1048576K
}
Event: 2.703 GC heap after
{Heap after GC invocations=8 (full 0):
 garbage-first heap   total 325632K, used 48809K [0x0000000705c00000, 0x0000000800000000)
  region size 1024K, 8 young (8192K), 8 survivors (8192K)
 Metaspace       used 33989K, capacity 35809K, committed 35840K, reserved 1081344K
  class space    used 4133K, capacity 4480K, committed 4480K, reserved 1048576K
}

