# JRE version: OpenJDK Runtime Environment Microsoft-10823458 (11.0.26+4) (build 11.0.26+4-LTS)
# Java VM: OpenJDK 64-Bit Server VM Microsoft-10823458 (11.0.26+4-LTS, mixed mode, sharing, tiered, compressed oops, g1 gc, windows-amd64)
Heap:
 garbage-first heap   total 258048K, used 127029K [0x0000000600000000, 0x0000000800000000)
  region size 2048K, 31 young (63488K), 8 survivors (16384K)
 Metaspace       used 89245K, capacity 93630K, committed 93868K, reserved 1130496K
  class space    used 12156K, capacity 13775K, committed 13824K, reserved 1048576K
GC Heap History (20 events):
Event: 7.859 GC heap before
{Heap before GC invocations=6 (full 0):
 garbage-first heap   total 258048K, used 112923K [0x0000000600000000, 0x0000000800000000)
  region size 2048K, 48 young (98304K), 3 survivors (6144K)
 Metaspace       used 34295K, capacity 35462K, committed 35628K, reserved 1079296K
  class space    used 4709K, capacity 5163K, committed 5248K, reserved 1048576K
}
Event: 7.870 GC heap after
{Heap after GC invocations=7 (full 0):
 garbage-first heap   total 258048K, used 29865K [0x0000000600000000, 0x0000000800000000)
  region size 2048K, 6 young (12288K), 6 survivors (12288K)
 Metaspace       used 34295K, capacity 35462K, committed 35628K, reserved 1079296K
  class space    used 4709K, capacity 5163K, committed 5248K, reserved 1048576K
}
Event: 9.335 GC heap before
{Heap before GC invocations=8 (full 0):
 garbage-first heap   total 258048K, used 150697K [0x0000000600000000, 0x0000000800000000)
  region size 2048K, 64 young (131072K), 6 survivors (12288K)
 Metaspace       used 41441K, capacity 42958K, committed 43052K, reserved 1087488K
  class space    used 5427K, capacity 5973K, committed 6016K, reserved 1048576K
}
Event: 9.344 GC heap after
{Heap after GC invocations=9 (full 0):
 garbage-first heap   total 258048K, used 36317K [0x0000000600000000, 0x0000000800000000)
  region size 2048K, 8 young (16384K), 8 survivors (16384K)
 Metaspace       used 41441K, capacity 42958K, committed 43052K, reserved 1087488K
  class space    used 5427K, capacity 5973K, committed 6016K, reserved 1048576K
}
Event: 10.720 GC heap before
{Heap before GC invocations=9 (full 0):
 garbage-first heap   total 258048K, used 159197K [0x0000000600000000, 0x0000000800000000)
  region size 2048K, 68 young (139264K), 8 survivors (16384K)
 Metaspace       used 46656K, capacity 48340K, committed 48556K, reserved 1091584K
  class space    used 6239K, capacity 6895K, committed 6912K, reserved 1048576K
}
Event: 10.728 GC heap after
{Heap after GC invocations=10 (full 0):
 garbage-first heap   total 258048K, used 39026K [0x0000000600000000, 0x0000000800000000)
  region size 2048K, 5 young (10240K), 5 survivors (10240K)
 Metaspace       used 46656K, capacity 48340K, committed 48556K, reserved 1091584K
  class space    used 6239K, capacity 6895K, committed 6912K, reserved 1048576K
}
Event: 12.430 GC heap before
{Heap before GC invocations=10 (full 0):
 garbage-first heap   total 258048K, used 168050K [0x0000000600000000, 0x0000000800000000)
  region size 2048K, 68 young (139264K), 5 survivors (10240K)
 Metaspace       used 52341K, capacity 54328K, committed 54572K, reserved 1095680K
  class space    used 7099K, capacity 7802K, committed 7808K, reserved 1048576K
}
Event: 12.443 GC heap after
{Heap after GC invocations=11 (full 0):
 garbage-first heap   total 258048K, used 41844K [0x0000000600000000, 0x0000000800000000)
  region size 2048K, 6 young (12288K), 6 survivors (12288K)
 Metaspace       used 52341K, capacity 54328K, committed 54572K, reserved 1095680K
  class space    used 7099K, capacity 7802K, committed 7808K, reserved 1048576K
}
Event: 13.517 GC heap before
{Heap before GC invocations=11 (full 0):
 garbage-first heap   total 258048K, used 80756K [0x0000000600000000, 0x0000000800000000)
  region size 2048K, 26 young (53248K), 6 survivors (12288K)
 Metaspace       used 57617K, capacity 59663K, committed 59692K, reserved 1099776K
  class space    used 7775K, capacity 8549K, committed 8576K, reserved 1048576K
}
Event: 13.536 GC heap after
{Heap after GC invocations=12 (full 0):
 garbage-first heap   total 258048K, used 45239K [0x0000000600000000, 0x0000000800000000)
  region size 2048K, 5 young (10240K), 5 survivors (10240K)
 Metaspace       used 57617K, capacity 59663K, committed 59692K, reserved 1099776K
  class space    used 7775K, capacity 8549K, committed 8576K, reserved 1048576K
}
Event: 17.236 GC heap before
{Heap before GC invocations=13 (full 0):
 garbage-first heap   total 258048K, used 168119K [0x0000000600000000, 0x0000000800000000)
  region size 2048K, 62 young (126976K), 5 survivors (10240K)
 Metaspace       used 63399K, capacity 66126K, committed 66220K, reserved 1105920K
  class space    used 8677K, capacity 9693K, committed 9728K, reserved 1048576K
}
Event: 17.251 GC heap after
{Heap after GC invocations=14 (full 0):
 garbage-first heap   total 258048K, used 59012K [0x0000000600000000, 0x0000000800000000)
  region size 2048K, 7 young (14336K), 7 survivors (14336K)
 Metaspace       used 63399K, capacity 66126K, committed 66220K, reserved 1105920K
  class space    used 8677K, capacity 9693K, committed 9728K, reserved 1048576K
}
Event: 18.781 GC heap before
{Heap before GC invocations=14 (full 0):
 garbage-first heap   total 258048K, used 173700K [0x0000000600000000, 0x0000000800000000)
  region size 2048K, 63 young (129024K), 7 survivors (14336K)
 Metaspace       used 70968K, capacity 73817K, committed 73900K, reserved 1112064K
  class space    used 9659K, capacity 10712K, committed 10752K, reserved 1048576K
}
Event: 18.796 GC heap after
{Heap after GC invocations=15 (full 0):
 garbage-first heap   total 258048K, used 61897K [0x0000000600000000, 0x0000000800000000)
  region size 2048K, 5 young (10240K), 5 survivors (10240K)
 Metaspace       used 70968K, capacity 73817K, committed 73900K, reserved 1112064K
  class space    used 9659K, capacity 10712K, committed 10752K, reserved 1048576K
}
Event: 20.703 GC heap before
{Heap before GC invocations=15 (full 0):
 garbage-first heap   total 258048K, used 186825K [0x0000000600000000, 0x0000000800000000)
  region size 2048K, 64 young (131072K), 5 survivors (10240K)
 Metaspace       used 76838K, capacity 79864K, committed 79916K, reserved 1118208K
  class space    used 10480K, capacity 11599K, committed 11648K, reserved 1048576K
}
Event: 20.710 GC heap after
{Heap after GC invocations=16 (full 0):
 garbage-first heap   total 258048K, used 70035K [0x0000000600000000, 0x0000000800000000)
  region size 2048K, 7 young (14336K), 7 survivors (14336K)
 Metaspace       used 76838K, capacity 79864K, committed 79916K, reserved 1118208K
  class space    used 10480K, capacity 11599K, committed 11648K, reserved 1048576K
}
Event: 23.226 GC heap before
{Heap before GC invocations=16 (full 0):
 garbage-first heap   total 258048K, used 188819K [0x0000000600000000, 0x0000000800000000)
  region size 2048K, 66 young (135168K), 7 survivors (14336K)
 Metaspace       used 81789K, capacity 85380K, committed 85548K, reserved 1122304K
  class space    used 11226K, capacity 12551K, committed 12672K, reserved 1048576K
}
Event: 23.239 GC heap after
{Heap after GC invocations=17 (full 0):
 garbage-first heap   total 258048K, used 76623K [0x0000000600000000, 0x0000000800000000)
  region size 2048K, 7 young (14336K), 7 survivors (14336K)
 Metaspace       used 81789K, capacity 85380K, committed 85548K, reserved 1122304K
  class space    used 11226K, capacity 12551K, committed 12672K, reserved 1048576K
}
Event: 46.070 GC heap before
{Heap before GC invocations=17 (full 0):
 garbage-first heap   total 258048K, used 195407K [0x0000000600000000, 0x0000000800000000)
  region size 2048K, 65 young (133120K), 7 survivors (14336K)
 Metaspace       used 88737K, capacity 93071K, committed 93356K, reserved 1128448K
  class space    used 12122K, capacity 13715K, committed 13824K, reserved 1048576K
}
Event: 46.082 GC heap after
{Heap after GC invocations=18 (full 0):
 garbage-first heap   total 258048K, used 84021K [0x0000000600000000, 0x0000000800000000)
  region size 2048K, 8 young (16384K), 8 survivors (16384K)
 Metaspace       used 88737K, capacity 93071K, committed 93356K, reserved 1128448K
  class space    used 12122K, capacity 13715K, committed 13824K, reserved 1048576K
}

